2025-01-18 09:26:17.739 [info] Extension host with pid 2818 started
2025-01-18 09:26:17.739 [error] Error: EEXIST: file already exists, open '/home/ubuntu/.vscode-server/data/User/workspaceStorage/73a76162db06588be0e2ea53b148c2f6/vscode.lock'
2025-01-18 09:26:17.744 [info] Lock '/home/ubuntu/.vscode-server/data/User/workspaceStorage/73a76162db06588be0e2ea53b148c2f6/vscode.lock': Could not acquire lock, checking if the file is stale.
2025-01-18 09:26:17.764 [info] Lock '/home/ubuntu/.vscode-server/data/User/workspaceStorage/73a76162db06588be0e2ea53b148c2f6/vscode.lock': The lock does not look stale, elapsed: 810 ms, giving up.
2025-01-18 09:26:17.784 [info] Lock '/home/ubuntu/.vscode-server/data/User/workspaceStorage/73a76162db06588be0e2ea53b148c2f6-1/vscode.lock': Lock acquired.
2025-01-18 09:26:18.071 [info] ExtensionService#_doActivateExtension vscode.git-base, startup: false, activationEvent: '*', root cause: vscode.git
2025-01-18 09:26:18.369 [info] ExtensionService#_doActivateExtension vscode.git, startup: false, activationEvent: '*'
2025-01-18 09:26:18.370 [info] ExtensionService#_doActivateExtension vscode.github, startup: false, activationEvent: '*'
2025-01-18 09:26:19.212 [info] Eager extensions activated
2025-01-18 09:26:19.213 [info] ExtensionService#_doActivateExtension vscode.debug-auto-launch, startup: false, activationEvent: 'onStartupFinished'
2025-01-18 09:26:19.213 [info] ExtensionService#_doActivateExtension vscode.merge-conflict, startup: false, activationEvent: 'onStartupFinished'
2025-01-18 09:28:39.037 [info] ExtensionService#_doActivateExtension vscode.emmet, startup: false, activationEvent: 'onLanguage'
2025-01-18 09:33:52.597 [info] ExtensionService#_doActivateExtension vscode.npm, startup: false, activationEvent: 'onTerminalQuickFixRequest:ms-vscode.npm-command'
2025-01-18 09:33:59.653 [info] ExtensionService#_doActivateExtension vscode.configuration-editing, startup: false, activationEvent: 'onLanguage:json'
2025-01-18 09:33:59.653 [info] ExtensionService#_doActivateExtension vscode.extension-editing, startup: false, activationEvent: 'onLanguage:json'
2025-01-18 09:33:59.654 [info] ExtensionService#_doActivateExtension vscode.json-language-features, startup: false, activationEvent: 'onLanguage:json'
2025-01-18 09:44:46.270 [warning] [Decorations] CAPPING events from decorations provider vscode.git 1595
2025-01-18 09:44:46.784 [warning] [Decorations] CAPPING events from decorations provider vscode.git 1595
2025-01-18 09:44:54.432 [warning] [Decorations] CAPPING events from decorations provider vscode.git 1595
2025-01-18 09:44:58.545 [warning] [Decorations] CAPPING events from decorations provider vscode.git 1595
2025-01-18 09:44:59.530 [warning] [Decorations] CAPPING events from decorations provider vscode.git 1595
2025-01-18 09:45:07.735 [warning] [Decorations] CAPPING events from decorations provider vscode.git 1595
2025-01-18 09:45:09.268 [warning] [Decorations] CAPPING events from decorations provider vscode.git 1595
2025-01-18 09:45:12.804 [warning] [Decorations] CAPPING events from decorations provider vscode.git 1595
2025-01-18 09:45:17.924 [warning] [Decorations] CAPPING events from decorations provider vscode.git 1595
2025-01-18 09:45:23.003 [warning] [Decorations] CAPPING events from decorations provider vscode.git 1595
2025-01-18 09:45:28.064 [warning] [Decorations] CAPPING events from decorations provider vscode.git 1595
2025-01-18 09:45:33.111 [warning] [Decorations] CAPPING events from decorations provider vscode.git 1595
2025-01-18 09:45:38.165 [warning] [Decorations] CAPPING events from decorations provider vscode.git 1595
2025-01-18 09:47:01.654 [warning] [Decorations] CAPPING events from decorations provider vscode.git 1595
2025-01-18 09:47:06.828 [warning] [Decorations] CAPPING events from decorations provider vscode.git 1595
2025-01-18 09:47:11.896 [warning] [Decorations] CAPPING events from decorations provider vscode.git 1595
2025-01-18 09:47:16.954 [warning] [Decorations] CAPPING events from decorations provider vscode.git 1595
2025-01-18 09:47:22.001 [warning] [Decorations] CAPPING events from decorations provider vscode.git 1595
2025-01-18 09:47:27.086 [warning] [Decorations] CAPPING events from decorations provider vscode.git 1596
2025-01-18 09:47:32.240 [warning] [Decorations] CAPPING events from decorations provider vscode.git 1596
2025-01-18 09:47:37.300 [warning] [Decorations] CAPPING events from decorations provider vscode.git 1596
2025-01-18 09:47:43.122 [warning] [Decorations] CAPPING events from decorations provider vscode.git 1597
2025-01-18 09:47:48.203 [warning] [Decorations] CAPPING events from decorations provider vscode.git 1598
2025-01-18 09:47:53.249 [warning] [Decorations] CAPPING events from decorations provider vscode.git 1597
2025-01-18 09:48:06.352 [warning] [Decorations] CAPPING events from decorations provider vscode.git 1597
2025-01-18 09:48:11.414 [warning] [Decorations] CAPPING events from decorations provider vscode.git 1597
2025-01-18 09:48:16.495 [warning] [Decorations] CAPPING events from decorations provider vscode.git 1598
2025-01-18 09:48:21.570 [warning] [Decorations] CAPPING events from decorations provider vscode.git 1598
2025-01-18 09:48:31.374 [warning] [Decorations] CAPPING events from decorations provider vscode.git 1598
2025-01-18 09:48:36.433 [warning] [Decorations] CAPPING events from decorations provider vscode.git 1598
2025-01-18 09:48:41.481 [warning] [Decorations] CAPPING events from decorations provider vscode.git 1598
2025-01-18 09:48:46.533 [warning] [Decorations] CAPPING events from decorations provider vscode.git 1598
2025-01-18 09:48:52.239 [warning] [Decorations] CAPPING events from decorations provider vscode.git 1598
2025-01-18 09:48:53.316 [warning] [Decorations] CAPPING events from decorations provider vscode.git 1595
2025-01-18 09:48:57.286 [warning] [Decorations] CAPPING events from decorations provider vscode.git 1595
2025-01-18 09:49:02.330 [warning] [Decorations] CAPPING events from decorations provider vscode.git 1595
2025-01-18 09:49:07.374 [warning] [Decorations] CAPPING events from decorations provider vscode.git 1595
2025-01-18 09:49:14.273 [warning] [Decorations] CAPPING events from decorations provider vscode.git 1595
2025-01-18 09:49:19.352 [warning] [Decorations] CAPPING events from decorations provider vscode.git 1595
2025-01-18 09:50:21.039 [warning] [Decorations] CAPPING events from decorations provider vscode.git 1595
2025-01-18 09:50:26.123 [warning] [Decorations] CAPPING events from decorations provider vscode.git 1595
2025-01-18 09:50:31.168 [warning] [Decorations] CAPPING events from decorations provider vscode.git 1595
2025-01-18 09:50:43.121 [warning] [Decorations] CAPPING events from decorations provider vscode.git 1595
2025-01-18 09:50:48.176 [warning] [Decorations] CAPPING events from decorations provider vscode.git 1595
2025-01-18 09:50:52.044 [warning] [Decorations] CAPPING events from decorations provider vscode.git 1595
